00:02:48.011 INFO  None a.e.s.Slf4jLogger - Slf4jLogger started
00:02:48.030 DEBUG EventStream(akka://ENSIME) a.e.EventStream - logger log1-Slf4jLogger started
00:02:48.035 DEBUG EventStream(akka://ENSIME) a.e.EventStream - Default Loggers started
00:02:48.090 INFO  None o.a.c.v.i.StandardFileSystemManager - Using "/var/folders/_t/8dnjwf957jldz2tp44d6mcr80000gn/T/vfs_cache" as temporary files store.
00:02:48.175 DEBUG akka://ENSIME/system/IO-TCP/selectors/$a/0 a.i.TcpListener - Successfully bound to /127.0.0.1:57314
00:02:48.178 INFO  akka://ENSIME/user/ensime-main/tcp-server o.e.s.t.TCPServer - Bound server on port 57314
00:02:48.185 INFO  None o.e.s.PortUtil$ - creating port file: /Users/feargalwalsh/Downloads/scalaRepos/project1/cs372s17p1/.ensime_cache/port
00:02:49.625 DEBUG akka://ENSIME/system/IO-TCP/selectors/$a/1 a.i.TcpListener - Successfully bound to /127.0.0.1:57315
00:02:49.634 INFO  None o.e.s.PortUtil$ - creating port file: /Users/feargalwalsh/Downloads/scalaRepos/project1/cs372s17p1/.ensime_cache/http
00:02:49.635 INFO  akka://ENSIME/user/ensime-main o.e.s.ServerActor - ENSIME HTTP on /127.0.0.1
00:02:49.638 INFO  akka://ENSIME/user/ensime-main o.e.s.ServerActor - Environment:
00:02:49.638 INFO  akka://ENSIME/user/ensime-main o.e.s.ServerActor -   OS : Mac OS X
00:02:49.639 INFO  akka://ENSIME/user/ensime-main o.e.s.ServerActor -   Java : Java HotSpot(TM) 64-Bit Server VM 25.111-b14, Java(TM) SE Runtime Environment 1.8.0_111-b14
00:02:49.639 INFO  akka://ENSIME/user/ensime-main o.e.s.ServerActor -   Scala version: version 2.11.8
00:02:49.639 INFO  akka://ENSIME/user/ensime-main o.e.s.ServerActor -   Ensime : 1.0.0
00:02:49.640 INFO  akka://ENSIME/user/ensime-main o.e.s.ServerActor -   Built with Scala version: 2.11.8
00:02:49.640 INFO  akka://ENSIME/user/ensime-main o.e.s.ServerActor -   Built with sbt version: 0.13.11
00:02:49.641 INFO  akka://ENSIME/user/ensime-main o.e.s.ServerActor -   Built from git sha: cf6a0453d3a7890b3a711769cee081b497f535b6
00:02:49.641 INFO  akka://ENSIME/user/ensime-main o.e.s.ServerActor -   Built on: 2016-06-25 12:21:53.134
00:02:49.880 DEBUG akka://ENSIME/system/IO-TCP/selectors/$a/1 a.i.TcpListener - New connection accepted
00:02:50.079 INFO  None o.e.i.d.DatabaseService - creating the search database...
00:02:50.640 INFO  None c.z.h.HikariDataSource - HikariCP pool HikariPool-0 is starting.
00:02:50.995 INFO  None o.e.i.d.DatabaseService - ... created the search database
00:02:51.008 DEBUG None o.e.f.FileWatchService - init watcher
00:02:51.015 DEBUG None o.e.f.FileWatchService - start a background monitoring thread
00:02:51.016 DEBUG None o.e.f.FileWatchService - start monitoring WatchService events
00:02:51.060 DEBUG None o.e.f.FileWatchService - init watcher
00:02:51.060 DEBUG None o.e.f.FileWatchService - start a background monitoring thread
00:02:51.061 DEBUG None o.e.f.FileWatchService - init watcher
00:02:51.061 DEBUG None o.e.f.FileWatchService - start a background monitoring thread
00:02:51.062 DEBUG None o.e.f.FileWatchService - start monitoring WatchService events
00:02:51.063 DEBUG None o.e.f.FileWatchService - start monitoring WatchService events
00:13:11.134 DEBUG akka://ENSIME/user/ensime-main/project o.e.c.Project - received handled message AskReTypecheck in state awaitingConnectionInfoReq
00:13:11.135 DEBUG akka://ENSIME/user/ensime-main/project o.e.c.Project - received handled message AskReTypecheck in state awaitingConnectionInfoReq
00:13:11.135 DEBUG akka://ENSIME/user/ensime-main/project o.e.c.Project - received handled message AskReTypecheck in state awaitingConnectionInfoReq
00:13:11.136 DEBUG akka://ENSIME/user/ensime-main/project o.e.c.Project - received handled message AskReTypecheck in state awaitingConnectionInfoReq
00:13:16.152 DEBUG akka://ENSIME/user/ClassfileIndexer o.e.i.IndexingQueueActor - Indexing 4 files
00:13:21.141 DEBUG akka://ENSIME/user/ensime-main/project o.e.c.Project - received handled message AskReTypecheck in state awaitingConnectionInfoReq
00:13:21.142 DEBUG akka://ENSIME/user/ensime-main/project o.e.c.Project - received handled message AskReTypecheck in state awaitingConnectionInfoReq
00:13:21.143 DEBUG akka://ENSIME/user/ensime-main/project o.e.c.Project - received handled message AskReTypecheck in state awaitingConnectionInfoReq
00:13:21.150 DEBUG akka://ENSIME/user/ensime-main/project o.e.c.Project - received handled message AskReTypecheck in state awaitingConnectionInfoReq
00:13:26.151 DEBUG akka://ENSIME/user/ClassfileIndexer o.e.i.IndexingQueueActor - Indexing 4 files
00:15:11.139 DEBUG akka://ENSIME/user/ensime-main/project o.e.c.Project - received handled message AskReTypecheck in state awaitingConnectionInfoReq
00:15:11.140 DEBUG akka://ENSIME/user/ensime-main/project o.e.c.Project - received handled message AskReTypecheck in state awaitingConnectionInfoReq
00:15:11.141 DEBUG akka://ENSIME/user/ensime-main/project o.e.c.Project - received handled message AskReTypecheck in state awaitingConnectionInfoReq
00:15:11.141 DEBUG akka://ENSIME/user/ensime-main/project o.e.c.Project - received handled message AskReTypecheck in state awaitingConnectionInfoReq
00:15:11.142 DEBUG akka://ENSIME/user/ensime-main/project o.e.c.Project - received handled message AskReTypecheck in state awaitingConnectionInfoReq
00:15:11.142 DEBUG akka://ENSIME/user/ensime-main/project o.e.c.Project - received handled message AskReTypecheck in state awaitingConnectionInfoReq
00:15:16.157 DEBUG akka://ENSIME/user/ClassfileIndexer o.e.i.IndexingQueueActor - Indexing 6 files
00:42:37.084 DEBUG akka://ENSIME/user/ensime-main/project o.e.c.Project - received handled message AskReTypecheck in state awaitingConnectionInfoReq
00:42:37.205 DEBUG akka://ENSIME/user/ensime-main/project o.e.c.Project - received handled message AskReTypecheck in state awaitingConnectionInfoReq
00:42:47.214 DEBUG akka://ENSIME/user/ensime-main/project o.e.c.Project - received handled message AskReTypecheck in state awaitingConnectionInfoReq
00:42:47.215 DEBUG akka://ENSIME/user/ensime-main/project o.e.c.Project - received handled message AskReTypecheck in state awaitingConnectionInfoReq
00:42:47.216 DEBUG akka://ENSIME/user/ensime-main/project o.e.c.Project - received handled message AskReTypecheck in state awaitingConnectionInfoReq
00:42:47.217 DEBUG akka://ENSIME/user/ensime-main/project o.e.c.Project - received handled message AskReTypecheck in state awaitingConnectionInfoReq
00:42:47.218 DEBUG akka://ENSIME/user/ensime-main/project o.e.c.Project - received handled message AskReTypecheck in state awaitingConnectionInfoReq
00:42:47.218 DEBUG akka://ENSIME/user/ensime-main/project o.e.c.Project - received handled message AskReTypecheck in state awaitingConnectionInfoReq
00:42:52.232 DEBUG akka://ENSIME/user/ClassfileIndexer o.e.i.IndexingQueueActor - Indexing 3 files
00:47:26.952 DEBUG akka://ENSIME/user/ensime-main/project o.e.c.Project - received handled message AskReTypecheck in state awaitingConnectionInfoReq
00:47:26.953 DEBUG akka://ENSIME/user/ensime-main/project o.e.c.Project - received handled message AskReTypecheck in state awaitingConnectionInfoReq
00:47:26.953 DEBUG akka://ENSIME/user/ensime-main/project o.e.c.Project - received handled message AskReTypecheck in state awaitingConnectionInfoReq
00:47:26.954 DEBUG akka://ENSIME/user/ensime-main/project o.e.c.Project - received handled message AskReTypecheck in state awaitingConnectionInfoReq
00:47:31.969 DEBUG akka://ENSIME/user/ClassfileIndexer o.e.i.IndexingQueueActor - Indexing 4 files
00:47:36.951 DEBUG akka://ENSIME/user/ensime-main/project o.e.c.Project - received handled message AskReTypecheck in state awaitingConnectionInfoReq
00:47:36.951 DEBUG akka://ENSIME/user/ensime-main/project o.e.c.Project - received handled message AskReTypecheck in state awaitingConnectionInfoReq
00:47:36.952 DEBUG akka://ENSIME/user/ensime-main/project o.e.c.Project - received handled message AskReTypecheck in state awaitingConnectionInfoReq
00:47:36.953 DEBUG akka://ENSIME/user/ensime-main/project o.e.c.Project - received handled message AskReTypecheck in state awaitingConnectionInfoReq
00:47:41.970 DEBUG akka://ENSIME/user/ClassfileIndexer o.e.i.IndexingQueueActor - Indexing 4 files
00:53:36.986 DEBUG akka://ENSIME/user/ensime-main/project o.e.c.Project - received handled message AskReTypecheck in state awaitingConnectionInfoReq
00:53:36.988 DEBUG akka://ENSIME/user/ensime-main/project o.e.c.Project - received handled message AskReTypecheck in state awaitingConnectionInfoReq
00:53:36.989 DEBUG akka://ENSIME/user/ensime-main/project o.e.c.Project - received handled message AskReTypecheck in state awaitingConnectionInfoReq
00:53:36.989 DEBUG akka://ENSIME/user/ensime-main/project o.e.c.Project - received handled message AskReTypecheck in state awaitingConnectionInfoReq
00:53:42.003 DEBUG akka://ENSIME/user/ClassfileIndexer o.e.i.IndexingQueueActor - Indexing 4 files
00:58:06.973 DEBUG None o.e.i.SourceResolver - updating sources
00:58:07.042 DEBUG None o.e.i.SourceResolver - updating sources
01:00:37.040 DEBUG akka://ENSIME/user/ensime-main/project o.e.c.Project - received handled message AskReTypecheck in state awaitingConnectionInfoReq
01:00:37.042 DEBUG akka://ENSIME/user/ensime-main/project o.e.c.Project - received handled message AskReTypecheck in state awaitingConnectionInfoReq
01:00:37.043 DEBUG akka://ENSIME/user/ensime-main/project o.e.c.Project - received handled message AskReTypecheck in state awaitingConnectionInfoReq
01:00:37.044 DEBUG akka://ENSIME/user/ensime-main/project o.e.c.Project - received handled message AskReTypecheck in state awaitingConnectionInfoReq
01:00:37.044 DEBUG akka://ENSIME/user/ensime-main/project o.e.c.Project - received handled message AskReTypecheck in state awaitingConnectionInfoReq
01:00:37.045 DEBUG akka://ENSIME/user/ensime-main/project o.e.c.Project - received handled message AskReTypecheck in state awaitingConnectionInfoReq
01:00:42.063 DEBUG akka://ENSIME/user/ClassfileIndexer o.e.i.IndexingQueueActor - Indexing 6 files
01:01:57.007 DEBUG akka://ENSIME/user/ensime-main/project o.e.c.Project - received handled message AskReTypecheck in state awaitingConnectionInfoReq
01:01:57.008 DEBUG akka://ENSIME/user/ensime-main/project o.e.c.Project - received handled message AskReTypecheck in state awaitingConnectionInfoReq
01:01:57.008 DEBUG akka://ENSIME/user/ensime-main/project o.e.c.Project - received handled message AskReTypecheck in state awaitingConnectionInfoReq
01:01:57.009 DEBUG akka://ENSIME/user/ensime-main/project o.e.c.Project - received handled message AskReTypecheck in state awaitingConnectionInfoReq
01:01:57.009 DEBUG akka://ENSIME/user/ensime-main/project o.e.c.Project - received handled message AskReTypecheck in state awaitingConnectionInfoReq
01:01:57.010 DEBUG akka://ENSIME/user/ensime-main/project o.e.c.Project - received handled message AskReTypecheck in state awaitingConnectionInfoReq
01:01:57.011 DEBUG akka://ENSIME/user/ensime-main/project o.e.c.Project - received handled message AskReTypecheck in state awaitingConnectionInfoReq
01:01:57.011 DEBUG akka://ENSIME/user/ensime-main/project o.e.c.Project - received handled message AskReTypecheck in state awaitingConnectionInfoReq
01:02:02.027 DEBUG akka://ENSIME/user/ClassfileIndexer o.e.i.IndexingQueueActor - Indexing 8 files
01:26:37.534 DEBUG akka://ENSIME/user/ensime-main/project o.e.c.Project - received handled message AskReTypecheck in state awaitingConnectionInfoReq
01:26:37.657 DEBUG akka://ENSIME/user/ensime-main/project o.e.c.Project - received handled message AskReTypecheck in state awaitingConnectionInfoReq
01:26:47.662 DEBUG akka://ENSIME/user/ensime-main/project o.e.c.Project - received handled message AskReTypecheck in state awaitingConnectionInfoReq
01:26:47.662 DEBUG akka://ENSIME/user/ensime-main/project o.e.c.Project - received handled message AskReTypecheck in state awaitingConnectionInfoReq
01:26:47.662 DEBUG akka://ENSIME/user/ensime-main/project o.e.c.Project - received handled message AskReTypecheck in state awaitingConnectionInfoReq
01:26:47.663 DEBUG akka://ENSIME/user/ensime-main/project o.e.c.Project - received handled message AskReTypecheck in state awaitingConnectionInfoReq
01:26:47.664 DEBUG akka://ENSIME/user/ensime-main/project o.e.c.Project - received handled message AskReTypecheck in state awaitingConnectionInfoReq
01:26:47.665 DEBUG akka://ENSIME/user/ensime-main/project o.e.c.Project - received handled message AskReTypecheck in state awaitingConnectionInfoReq
01:26:47.665 DEBUG akka://ENSIME/user/ensime-main/project o.e.c.Project - received handled message AskReTypecheck in state awaitingConnectionInfoReq
01:26:47.666 DEBUG akka://ENSIME/user/ensime-main/project o.e.c.Project - received handled message AskReTypecheck in state awaitingConnectionInfoReq
01:26:52.683 DEBUG akka://ENSIME/user/ClassfileIndexer o.e.i.IndexingQueueActor - Indexing 4 files
01:27:37.712 DEBUG akka://ENSIME/user/ensime-main/project o.e.c.Project - received handled message AskReTypecheck in state awaitingConnectionInfoReq
01:27:37.712 DEBUG akka://ENSIME/user/ensime-main/project o.e.c.Project - received handled message AskReTypecheck in state awaitingConnectionInfoReq
01:27:37.713 DEBUG akka://ENSIME/user/ensime-main/project o.e.c.Project - received handled message AskReTypecheck in state awaitingConnectionInfoReq
01:27:37.714 DEBUG akka://ENSIME/user/ensime-main/project o.e.c.Project - received handled message AskReTypecheck in state awaitingConnectionInfoReq
01:27:42.727 DEBUG akka://ENSIME/user/ClassfileIndexer o.e.i.IndexingQueueActor - Indexing 4 files
10:47:56.792 DEBUG akka://ENSIME/user/ensime-main/project o.e.c.Project - received handled message AskReTypecheck in state awaitingConnectionInfoReq
10:47:56.798 DEBUG akka://ENSIME/user/ensime-main/project o.e.c.Project - received handled message AskReTypecheck in state awaitingConnectionInfoReq
10:47:56.803 DEBUG akka://ENSIME/user/ensime-main/project o.e.c.Project - received handled message AskReTypecheck in state awaitingConnectionInfoReq
10:47:56.804 DEBUG akka://ENSIME/user/ensime-main/project o.e.c.Project - received handled message AskReTypecheck in state awaitingConnectionInfoReq
10:48:01.790 DEBUG akka://ENSIME/user/ClassfileIndexer o.e.i.IndexingQueueActor - Indexing 4 files
10:48:06.715 DEBUG akka://ENSIME/user/ensime-main/project o.e.c.Project - received handled message AskReTypecheck in state awaitingConnectionInfoReq
10:48:06.719 DEBUG akka://ENSIME/user/ensime-main/project o.e.c.Project - received handled message AskReTypecheck in state awaitingConnectionInfoReq
10:48:06.719 DEBUG akka://ENSIME/user/ensime-main/project o.e.c.Project - received handled message AskReTypecheck in state awaitingConnectionInfoReq
10:48:06.719 DEBUG akka://ENSIME/user/ensime-main/project o.e.c.Project - received handled message AskReTypecheck in state awaitingConnectionInfoReq
10:48:11.730 DEBUG akka://ENSIME/user/ClassfileIndexer o.e.i.IndexingQueueActor - Indexing 4 files
10:48:46.715 DEBUG akka://ENSIME/user/ensime-main/project o.e.c.Project - received handled message AskReTypecheck in state awaitingConnectionInfoReq
10:48:46.719 DEBUG akka://ENSIME/user/ensime-main/project o.e.c.Project - received handled message AskReTypecheck in state awaitingConnectionInfoReq
10:48:46.719 DEBUG akka://ENSIME/user/ensime-main/project o.e.c.Project - received handled message AskReTypecheck in state awaitingConnectionInfoReq
10:48:46.719 DEBUG akka://ENSIME/user/ensime-main/project o.e.c.Project - received handled message AskReTypecheck in state awaitingConnectionInfoReq
10:48:51.730 DEBUG akka://ENSIME/user/ClassfileIndexer o.e.i.IndexingQueueActor - Indexing 4 files
10:48:56.714 DEBUG akka://ENSIME/user/ensime-main/project o.e.c.Project - received handled message AskReTypecheck in state awaitingConnectionInfoReq
10:48:56.718 DEBUG akka://ENSIME/user/ensime-main/project o.e.c.Project - received handled message AskReTypecheck in state awaitingConnectionInfoReq
10:48:56.719 DEBUG akka://ENSIME/user/ensime-main/project o.e.c.Project - received handled message AskReTypecheck in state awaitingConnectionInfoReq
10:48:56.719 DEBUG akka://ENSIME/user/ensime-main/project o.e.c.Project - received handled message AskReTypecheck in state awaitingConnectionInfoReq
10:49:01.738 DEBUG akka://ENSIME/user/ClassfileIndexer o.e.i.IndexingQueueActor - Indexing 4 files
11:10:56.761 DEBUG akka://ENSIME/user/ensime-main/project o.e.c.Project - received handled message AskReTypecheck in state awaitingConnectionInfoReq
11:10:56.763 DEBUG akka://ENSIME/user/ensime-main/project o.e.c.Project - received handled message AskReTypecheck in state awaitingConnectionInfoReq
11:11:01.772 DEBUG akka://ENSIME/user/ClassfileIndexer o.e.i.IndexingQueueActor - Indexing 2 files
11:11:06.755 DEBUG akka://ENSIME/user/ensime-main/project o.e.c.Project - received handled message AskReTypecheck in state awaitingConnectionInfoReq
11:11:06.756 DEBUG akka://ENSIME/user/ensime-main/project o.e.c.Project - received handled message AskReTypecheck in state awaitingConnectionInfoReq
11:11:11.770 DEBUG akka://ENSIME/user/ClassfileIndexer o.e.i.IndexingQueueActor - Indexing 2 files
11:30:36.809 DEBUG akka://ENSIME/user/ensime-main/project o.e.c.Project - received handled message AskReTypecheck in state awaitingConnectionInfoReq
11:30:36.813 DEBUG akka://ENSIME/user/ensime-main/project o.e.c.Project - received handled message AskReTypecheck in state awaitingConnectionInfoReq
11:30:37.402 DEBUG akka://ENSIME/user/ensime-main/project o.e.c.Project - received handled message AskReTypecheck in state awaitingConnectionInfoReq
11:30:37.404 DEBUG akka://ENSIME/user/ensime-main/project o.e.c.Project - received handled message AskReTypecheck in state awaitingConnectionInfoReq
11:30:37.404 DEBUG akka://ENSIME/user/ensime-main/project o.e.c.Project - received handled message AskReTypecheck in state awaitingConnectionInfoReq
11:30:37.405 DEBUG akka://ENSIME/user/ensime-main/project o.e.c.Project - received handled message AskReTypecheck in state awaitingConnectionInfoReq
11:30:37.405 DEBUG akka://ENSIME/user/ensime-main/project o.e.c.Project - received handled message AskReTypecheck in state awaitingConnectionInfoReq
11:30:42.422 DEBUG akka://ENSIME/user/ClassfileIndexer o.e.i.IndexingQueueActor - Indexing 7 files
11:36:56.814 DEBUG akka://ENSIME/user/ensime-main/project o.e.c.Project - received handled message AskReTypecheck in state awaitingConnectionInfoReq
11:36:56.816 DEBUG akka://ENSIME/user/ensime-main/project o.e.c.Project - received handled message AskReTypecheck in state awaitingConnectionInfoReq
11:37:01.823 DEBUG akka://ENSIME/user/ClassfileIndexer o.e.i.IndexingQueueActor - Indexing 2 files
12:27:37.143 DEBUG akka://ENSIME/user/ensime-main/project o.e.c.Project - received handled message AskReTypecheck in state awaitingConnectionInfoReq
12:27:37.146 DEBUG akka://ENSIME/user/ensime-main/project o.e.c.Project - received handled message AskReTypecheck in state awaitingConnectionInfoReq
12:27:42.168 DEBUG akka://ENSIME/user/ClassfileIndexer o.e.i.IndexingQueueActor - Indexing 2 files
12:27:46.908 DEBUG akka://ENSIME/user/ensime-main/project o.e.c.Project - received handled message AskReTypecheck in state awaitingConnectionInfoReq
12:27:46.908 DEBUG akka://ENSIME/user/ensime-main/project o.e.c.Project - received handled message AskReTypecheck in state awaitingConnectionInfoReq
12:27:51.924 DEBUG akka://ENSIME/user/ClassfileIndexer o.e.i.IndexingQueueActor - Indexing 2 files
13:27:37.051 DEBUG akka://ENSIME/user/ensime-main/project o.e.c.Project - received handled message AskReTypecheck in state awaitingConnectionInfoReq
13:27:37.056 DEBUG akka://ENSIME/user/ensime-main/project o.e.c.Project - received handled message AskReTypecheck in state awaitingConnectionInfoReq
13:27:42.062 DEBUG akka://ENSIME/user/ClassfileIndexer o.e.i.IndexingQueueActor - Indexing 2 files
13:28:27.625 DEBUG akka://ENSIME/user/ensime-main/project o.e.c.Project - received handled message AskReTypecheck in state awaitingConnectionInfoReq
13:28:27.626 DEBUG akka://ENSIME/user/ensime-main/project o.e.c.Project - received handled message AskReTypecheck in state awaitingConnectionInfoReq
13:28:27.627 DEBUG akka://ENSIME/user/ensime-main/project o.e.c.Project - received handled message AskReTypecheck in state awaitingConnectionInfoReq
13:28:27.631 DEBUG akka://ENSIME/user/ensime-main/project o.e.c.Project - received handled message AskReTypecheck in state awaitingConnectionInfoReq
13:28:32.642 DEBUG akka://ENSIME/user/ClassfileIndexer o.e.i.IndexingQueueActor - Indexing 4 files
13:42:37.064 DEBUG akka://ENSIME/user/ensime-main/project o.e.c.Project - received handled message AskReTypecheck in state awaitingConnectionInfoReq
13:42:37.068 DEBUG akka://ENSIME/user/ensime-main/project o.e.c.Project - received handled message AskReTypecheck in state awaitingConnectionInfoReq
13:42:42.073 DEBUG akka://ENSIME/user/ClassfileIndexer o.e.i.IndexingQueueActor - Indexing 2 files
13:42:47.053 DEBUG akka://ENSIME/user/ensime-main/project o.e.c.Project - received handled message AskReTypecheck in state awaitingConnectionInfoReq
13:42:47.053 DEBUG akka://ENSIME/user/ensime-main/project o.e.c.Project - received handled message AskReTypecheck in state awaitingConnectionInfoReq
13:42:52.069 DEBUG akka://ENSIME/user/ClassfileIndexer o.e.i.IndexingQueueActor - Indexing 2 files
13:45:37.057 DEBUG akka://ENSIME/user/ensime-main/project o.e.c.Project - received handled message AskReTypecheck in state awaitingConnectionInfoReq
13:45:37.057 DEBUG akka://ENSIME/user/ensime-main/project o.e.c.Project - received handled message AskReTypecheck in state awaitingConnectionInfoReq
13:45:42.075 DEBUG akka://ENSIME/user/ClassfileIndexer o.e.i.IndexingQueueActor - Indexing 2 files
13:47:27.062 DEBUG akka://ENSIME/user/ensime-main/project o.e.c.Project - received handled message AskReTypecheck in state awaitingConnectionInfoReq
13:47:27.063 DEBUG akka://ENSIME/user/ensime-main/project o.e.c.Project - received handled message AskReTypecheck in state awaitingConnectionInfoReq
13:47:32.080 DEBUG akka://ENSIME/user/ClassfileIndexer o.e.i.IndexingQueueActor - Indexing 2 files
