12:35:21.517 INFO  None a.e.s.Slf4jLogger - Slf4jLogger started
12:35:21.532 DEBUG EventStream(akka://ENSIME) a.e.EventStream - logger log1-Slf4jLogger started
12:35:21.537 DEBUG EventStream(akka://ENSIME) a.e.EventStream - Default Loggers started
12:35:21.596 INFO  None o.a.c.v.i.StandardFileSystemManager - Using "/var/folders/_t/8dnjwf957jldz2tp44d6mcr80000gn/T/vfs_cache" as temporary files store.
12:35:21.729 DEBUG akka://ENSIME/system/IO-TCP/selectors/$a/0 a.i.TcpListener - Successfully bound to /127.0.0.1:56065
12:35:21.739 INFO  akka://ENSIME/user/ensime-main/tcp-server o.e.s.t.TCPServer - Bound server on port 56065
12:35:21.745 INFO  None o.e.s.PortUtil$ - creating port file: /Users/feargalwalsh/Downloads/scalaRepos/project1/cs372s17p1/project/.ensime_cache/port
12:35:23.057 DEBUG akka://ENSIME/system/IO-TCP/selectors/$a/1 a.i.TcpListener - Successfully bound to /127.0.0.1:56066
12:35:23.077 INFO  akka://ENSIME/user/ensime-main o.e.s.ServerActor - ENSIME HTTP on /127.0.0.1
12:35:23.078 INFO  None o.e.s.PortUtil$ - creating port file: /Users/feargalwalsh/Downloads/scalaRepos/project1/cs372s17p1/project/.ensime_cache/http
12:35:23.079 INFO  akka://ENSIME/user/ensime-main o.e.s.ServerActor - Environment:
12:35:23.080 INFO  akka://ENSIME/user/ensime-main o.e.s.ServerActor -   OS : Mac OS X
12:35:23.081 INFO  akka://ENSIME/user/ensime-main o.e.s.ServerActor -   Java : Java HotSpot(TM) 64-Bit Server VM 25.111-b14, Java(TM) SE Runtime Environment 1.8.0_111-b14
12:35:23.081 INFO  akka://ENSIME/user/ensime-main o.e.s.ServerActor -   Scala version: version 2.10.6
12:35:23.082 INFO  akka://ENSIME/user/ensime-main o.e.s.ServerActor -   Ensime : 1.0.0
12:35:23.083 INFO  akka://ENSIME/user/ensime-main o.e.s.ServerActor -   Built with Scala version: 2.10.6
12:35:23.083 INFO  akka://ENSIME/user/ensime-main o.e.s.ServerActor -   Built with sbt version: 0.13.11
12:35:23.084 INFO  akka://ENSIME/user/ensime-main o.e.s.ServerActor -   Built from git sha: cf6a0453d3a7890b3a711769cee081b497f535b6
12:35:23.084 INFO  akka://ENSIME/user/ensime-main o.e.s.ServerActor -   Built on: 2016-06-25 12:43:39.604
12:35:23.322 DEBUG akka://ENSIME/system/IO-TCP/selectors/$a/1 a.i.TcpListener - New connection accepted
12:35:23.764 INFO  None o.e.i.d.DatabaseService - creating the search database...
12:35:24.307 INFO  None c.z.h.HikariDataSource - HikariCP pool HikariPool-0 is starting.
12:35:24.642 INFO  None o.e.i.d.DatabaseService - ... created the search database
12:35:24.656 DEBUG None o.e.f.FileWatchService - init watcher
12:35:24.668 DEBUG None o.e.f.FileWatchService - start a background monitoring thread
12:35:24.669 DEBUG None o.e.f.FileWatchService - start monitoring WatchService events
12:35:24.810 DEBUG None o.e.f.FileWatchService - init watcher
12:35:24.810 DEBUG None o.e.f.FileWatchService - start a background monitoring thread
12:35:24.811 DEBUG None o.e.f.FileWatchService - start monitoring WatchService events
12:35:24.811 DEBUG None o.e.f.FileWatchService - init watcher
12:35:24.812 DEBUG None o.e.f.FileWatchService - start a background monitoring thread
12:35:24.812 DEBUG None o.e.f.FileWatchService - start monitoring WatchService events
